[03:23:08] [?/ERROR]: Can't find the resource index file: assets\indexes\1.8.json
[03:23:08] [?/INFO]: Setting user: Player343
[03:23:08] [?/INFO]: (Session ID is token:0:Player343)
[03:23:09] [?/INFO]: LWJGL Version: 2.9.4
[03:23:09] [?/INFO]: [OptiFine] 
[03:23:09] [?/INFO]: [OptiFine] OptiFine_1.8.9_HD_U_M5
[03:23:09] [?/INFO]: [OptiFine] Build: null
[03:23:09] [?/INFO]: [OptiFine] OS: Windows 11 (amd64) version 10.0
[03:23:09] [?/INFO]: [OptiFine] Java: 1.8.0_472, Azul Systems, Inc.
[03:23:09] [?/INFO]: [OptiFine] VM: OpenJDK 64-Bit Server VM (mixed mode), Azul Systems, Inc.
[03:23:09] [?/INFO]: [OptiFine] LWJGL: 2.9.4
[03:23:09] [?/INFO]: [OptiFine] OpenGL: NVIDIA GeForce RTX 4060 Ti/PCIe/SSE2, version 4.6.0 NVIDIA 591.86, NVIDIA Corporation
[03:23:09] [?/INFO]: [OptiFine] OpenGL Version: 4.6.0
[03:23:09] [?/INFO]: [OptiFine] Maximum texture size: 32768x32768
[03:23:09] [VersionCheck/INFO]: [OptiFine] Checking for new version
[03:23:09] [?/INFO]: [Shaders] OpenGL Version: 4.6.0 NVIDIA 591.86
[03:23:09] [?/INFO]: [Shaders] Vendor:  NVIDIA Corporation
[03:23:09] [?/INFO]: [Shaders] Renderer: NVIDIA GeForce RTX 4060 Ti/PCIe/SSE2
[03:23:09] [?/INFO]: [Shaders] Capabilities:  2.0  2.1  3.0  3.2  4.0 
[03:23:09] [?/INFO]: [Shaders] GL_MAX_DRAW_BUFFERS: 8
[03:23:09] [?/INFO]: [Shaders] GL_MAX_COLOR_ATTACHMENTS_EXT: 8
[03:23:09] [?/INFO]: [Shaders] GL_MAX_TEXTURE_IMAGE_UNITS: 32
[03:23:09] [?/INFO]: [Shaders] Load shaders configuration.
[03:23:09] [?/INFO]: [Shaders] No shaderpack loaded.
[03:23:09] [?/INFO]: Reloading ResourceManager: Default
[03:23:09] [?/INFO]: [OptiFine] *** Reloading textures ***
[03:23:09] [?/INFO]: [OptiFine] Resource packs: Default
[03:23:10] [VersionCheck/INFO]: [OptiFine] Version found: M5
[03:23:14] [?/INFO]: [OptiFine] (Reflector) Class not present: net.minecraftforge.client.model.Attributes
[03:23:14] [Sound Library Loader/INFO]: Starting up SoundSystem...
[03:23:14] [Thread-10/INFO]: Initializing LWJGL OpenAL
[03:23:14] [Thread-10/INFO]: (The LWJGL binding of OpenAL.  For more information, see http://www.lwjgl.org)
[03:23:14] [Thread-10/INFO]: OpenAL initialized.
[03:23:15] [?/INFO]: [OptiFine] Mipmap levels: 4
[03:23:15] [?/INFO]: [OptiFine] Multitexture: false
[03:23:15] [?/INFO]: [OptiFine] ConnectedTextures: mcpatcher/ctm/default/0_glass_white/glass_pane_white.properties
[03:23:15] [Sound Library Loader/INFO]: Sound engine started
[03:23:15] [?/INFO]: [OptiFine] ConnectedTextures: mcpatcher/ctm/default/0_glass_white/glass_white.properties
[03:23:15] [?/INFO]: [OptiFine] ConnectedTextures: mcpatcher/ctm/default/10_glass_purple/glass_pane_purple.properties
[03:23:15] [?/INFO]: [OptiFine] ConnectedTextures: mcpatcher/ctm/default/10_glass_purple/glass_purple.properties
[03:23:15] [?/INFO]: [OptiFine] ConnectedTextures: mcpatcher/ctm/default/11_glass_blue/glass_blue.properties
[03:23:15] [?/INFO]: [OptiFine] ConnectedTextures: mcpatcher/ctm/default/11_glass_blue/glass_pane_blue.properties
[03:23:15] [?/INFO]: [OptiFine] ConnectedTextures: mcpatcher/ctm/default/12_glass_brown/glass_brown.properties
[03:23:15] [?/INFO]: [OptiFine] ConnectedTextures: mcpatcher/ctm/default/12_glass_brown/glass_pane_brown.properties
[03:23:15] [?/INFO]: [OptiFine] ConnectedTextures: mcpatcher/ctm/default/13_glass_green/glass_green.properties
[03:23:15] [?/INFO]: [OptiFine] ConnectedTextures: mcpatcher/ctm/default/13_glass_green/glass_pane_green.properties
[03:23:15] [?/INFO]: [OptiFine] ConnectedTextures: mcpatcher/ctm/default/14_glass_red/glass_pane_red.properties
[03:23:15] [?/INFO]: [OptiFine] ConnectedTextures: mcpatcher/ctm/default/14_glass_red/glass_red.properties
[03:23:15] [?/INFO]: [OptiFine] ConnectedTextures: mcpatcher/ctm/default/15_glass_black/glass_black.properties
[03:23:15] [?/INFO]: [OptiFine] ConnectedTextures: mcpatcher/ctm/default/15_glass_black/glass_pane_black.properties
[03:23:15] [?/INFO]: [OptiFine] ConnectedTextures: mcpatcher/ctm/default/1_glass_orange/glass_orange.properties
[03:23:15] [?/INFO]: [OptiFine] ConnectedTextures: mcpatcher/ctm/default/1_glass_orange/glass_pane_orange.properties
[03:23:15] [?/INFO]: [OptiFine] ConnectedTextures: mcpatcher/ctm/default/2_glass_magenta/glass_magenta.properties
[03:23:15] [?/INFO]: [OptiFine] ConnectedTextures: mcpatcher/ctm/default/2_glass_magenta/glass_pane_magenta.properties
[03:23:15] [?/INFO]: [OptiFine] ConnectedTextures: mcpatcher/ctm/default/3_glass_light_blue/glass_light_blue.properties
[03:23:15] [?/INFO]: [OptiFine] ConnectedTextures: mcpatcher/ctm/default/3_glass_light_blue/glass_pane_light_blue.properties
[03:23:15] [?/INFO]: [OptiFine] ConnectedTextures: mcpatcher/ctm/default/4_glass_yellow/glass_pane_yellow.properties
[03:23:15] [?/INFO]: [OptiFine] ConnectedTextures: mcpatcher/ctm/default/4_glass_yellow/glass_yellow.properties
[03:23:15] [?/INFO]: [OptiFine] ConnectedTextures: mcpatcher/ctm/default/5_glass_lime/glass_lime.properties
[03:23:15] [?/INFO]: [OptiFine] ConnectedTextures: mcpatcher/ctm/default/5_glass_lime/glass_pane_lime.properties
[03:23:15] [?/INFO]: [OptiFine] ConnectedTextures: mcpatcher/ctm/default/6_glass_pink/glass_pane_pink.properties
[03:23:15] [?/INFO]: [OptiFine] ConnectedTextures: mcpatcher/ctm/default/6_glass_pink/glass_pink.properties
[03:23:15] [?/INFO]: [OptiFine] ConnectedTextures: mcpatcher/ctm/default/7_glass_gray/glass_gray.properties
[03:23:15] [?/INFO]: [OptiFine] ConnectedTextures: mcpatcher/ctm/default/7_glass_gray/glass_pane_gray.properties
[03:23:15] [?/INFO]: [OptiFine] ConnectedTextures: mcpatcher/ctm/default/8_glass_silver/glass_pane_silver.properties
[03:23:15] [?/INFO]: [OptiFine] ConnectedTextures: mcpatcher/ctm/default/8_glass_silver/glass_silver.properties
[03:23:15] [?/INFO]: [OptiFine] ConnectedTextures: mcpatcher/ctm/default/9_glass_cyan/glass_cyan.properties
[03:23:15] [?/INFO]: [OptiFine] ConnectedTextures: mcpatcher/ctm/default/9_glass_cyan/glass_pane_cyan.properties
[03:23:15] [?/INFO]: [OptiFine] ConnectedTextures: mcpatcher/ctm/default/bookshelf.properties
[03:23:15] [?/INFO]: [OptiFine] ConnectedTextures: mcpatcher/ctm/default/glass.properties
[03:23:15] [?/INFO]: [OptiFine] ConnectedTextures: mcpatcher/ctm/default/glasspane.properties
[03:23:15] [?/INFO]: [OptiFine] ConnectedTextures: mcpatcher/ctm/default/sandstone.properties
[03:23:15] [?/INFO]: [OptiFine] Multipass connected textures: false
[03:23:15] [?/INFO]: [OptiFine] BetterGrass: Parsing default configuration optifine/bettergrass.properties
[03:23:15] [?/INFO]: Created: 1024x512 textures-atlas
[03:23:15] [?/INFO]: [OptiFine] Animated sprites: 11
[03:23:15] [?/INFO]: [Shaders] OpenGL Version: 4.6.0 NVIDIA 591.86
[03:23:15] [?/INFO]: [Shaders] Vendor:  NVIDIA Corporation
[03:23:15] [?/INFO]: [Shaders] Renderer: NVIDIA GeForce RTX 4060 Ti/PCIe/SSE2
[03:23:15] [?/INFO]: [Shaders] Capabilities:  2.0  2.1  3.0  3.2  4.0 
[03:23:15] [?/INFO]: [Shaders] GL_MAX_DRAW_BUFFERS: 8
[03:23:15] [?/INFO]: [Shaders] GL_MAX_COLOR_ATTACHMENTS_EXT: 8
[03:23:15] [?/INFO]: [Shaders] GL_MAX_TEXTURE_IMAGE_UNITS: 32
[03:23:15] [?/INFO]: [Shaders] Load shaders configuration.
[03:23:15] [?/INFO]: [Shaders] No shaderpack loaded.
[03:23:16] [Via-Mappingloader-0/INFO]: Loading block connection mappings ...
[03:23:17] [Via-Mappingloader-0/INFO]: Using FastUtil Long2ObjectOpenHashMap for block connections
[03:23:17] [?/INFO]: Loaded Platform ViaVersion
[03:23:17] [?/INFO]: Loading translations...
[03:23:17] [?/INFO]: Registering protocols...
[03:23:17] [?/WARN]: Missing 1.17 translatables!
[03:23:17] [?/WARN]: Missing 1.18 translatables!
[03:23:17] [?/WARN]: Missing 1.19 translatables!
[03:23:17] [?/WARN]: Missing 1.19.1 translatables!
[03:23:17] [?/WARN]: Missing 1.19.3 translatables!
[03:23:17] [?/WARN]: Missing 1.19.4 translatables!
[03:23:17] [?/WARN]: Missing 1.20 translatables!
[03:23:17] [?/WARN]: Missing 1.20.3 translatables!
[03:23:17] [?/INFO]: Loaded Platform ViaBackwards
[03:23:17] [?/INFO]: Loaded Platform ViaRewind
[03:23:17] [?/INFO]: ViaVersion detected lowest supported version by the proxy: 1.4.6/7 (51)
[03:23:17] [?/INFO]: Highest supported version by the proxy: 1.20.3 (765)
[03:23:17] [?/WARN]: You are running an outdated Java version, please consider updating it to at least Java 17 (your version is 1.8.0_472). At some point in the future, ViaVersion will no longer be compatible with this version of Java.
[03:23:17] [Via Async Scheduler 0/INFO]: Finished mapping loading, shutting down loader executor!
[03:23:17] [?/INFO]: ViaLoadingBase has loaded 3/3 platforms
[03:23:17] [?/INFO]: [OptiFine] *** Reloading custom textures ***
[03:23:17] [?/INFO]: [OptiFine] Enable face culling: acacia_leaves, birch_leaves, dark_oak_leaves, jungle_leaves, oak_leaves, spruce_leaves
[03:23:19] [Via Async Task 1/WARN]: There is a newer plugin version available: 5.7.0, you're on: 4.9.1
[03:23:19] [?/WARN]: Unable to play unknown soundEvent: minecraft:gui.button.press
[03:23:19] [?/WARN]: Unable to play unknown soundEvent: minecraft:gui.button.press
[03:23:20] [?/WARN]: Unable to play unknown soundEvent: minecraft:gui.button.press
[03:23:21] [?/WARN]: Unable to play unknown soundEvent: minecraft:gui.button.press
[03:23:21] [?/WARN]: Unable to play unknown soundEvent: minecraft:gui.button.press
[03:23:22] [Server thread/INFO]: Starting integrated minecraft server version 1.9
[03:23:22] [Server thread/INFO]: Generating keypair
[03:23:22] [Server thread/INFO]: Converting map!
[03:23:22] [Server thread/INFO]: Scanning folders...
[03:23:22] [Server thread/INFO]: Total conversion count is 0
[03:23:22] [Server thread/INFO]: Preparing start region for level 0
[03:23:23] [Server thread/INFO]: Preparing spawn area: 35%
[03:23:24] [Server thread/INFO]: Preparing spawn area: 78%
[03:23:24] [Server thread/INFO]: Changing view distance to 8, from 10
[03:23:24] [Server thread/INFO]: Player343[local:E:1499744d] logged in with entity id 49 at (-78.5, 68.0, 251.5)
[03:23:24] [Server thread/INFO]: Player343 joined the game
[03:23:24] [?/WARN]: Unable to play unknown soundEvent: minecraft:mob.bat.takeoff
[03:23:24] [?/WARN]: Unable to play unknown soundEvent: minecraft:mob.bat.takeoff
[03:23:24] [?/WARN]: Unable to play unknown soundEvent: minecraft:mob.bat.takeoff
[03:23:24] [?/WARN]: Unable to play unknown soundEvent: minecraft:mob.bat.takeoff
[03:23:25] [?/WARN]: Unable to play unknown soundEvent: minecraft:music.game
[03:23:26] [?/WARN]: Unable to play unknown soundEvent: minecraft:step.grass
[03:23:26] [?/WARN]: Unable to play unknown soundEvent: minecraft:mob.bat.takeoff
[03:23:26] [?/WARN]: Unable to play unknown soundEvent: minecraft:mob.bat.takeoff
[03:23:26] [?/WARN]: Unable to play unknown soundEvent: minecraft:mob.bat.takeoff
[03:23:26] [?/WARN]: Unable to play unknown soundEvent: minecraft:step.grass
[03:23:27] [?/WARN]: Unable to play unknown soundEvent: minecraft:step.grass
[03:23:27] [?/WARN]: Unable to play unknown soundEvent: minecraft:step.grass
[03:23:27] [?/WARN]: Unable to play unknown soundEvent: minecraft:step.grass
[03:23:28] [?/WARN]: Unable to play unknown soundEvent: minecraft:step.grass
[03:23:28] [?/WARN]: Unable to play unknown soundEvent: minecraft:mob.bat.takeoff
[03:23:28] [?/WARN]: Unable to play unknown soundEvent: minecraft:step.grass
[03:23:28] [?/WARN]: Unable to play unknown soundEvent: minecraft:step.grass
[03:23:29] [?/WARN]: Unable to play unknown soundEvent: minecraft:mob.bat.takeoff
[03:23:29] [?/WARN]: Unable to play unknown soundEvent: minecraft:mob.bat.takeoff
[03:23:29] [Server thread/INFO]: Player343 has just earned the achievement [Taking Inventory]
[03:23:29] [?/INFO]: [CHAT] Player343 has just earned the achievement [Taking Inventory]
[03:23:29] [?/WARN]: Unable to play unknown soundEvent: minecraft:step.grass
[03:23:29] [?/WARN]: Unable to play unknown soundEvent: minecraft:mob.bat.takeoff
[03:23:29] [?/WARN]: Unable to play unknown soundEvent: minecraft:mob.bat.takeoff
[03:23:30] [?/WARN]: Unable to play unknown soundEvent: minecraft:mob.bat.takeoff
[03:23:31] [?/WARN]: Unable to play unknown soundEvent: minecraft:mob.bat.takeoff
[03:23:31] [?/WARN]: Unable to play unknown soundEvent: minecraft:mob.bat.takeoff
[03:23:33] [?/WARN]: Unable to play unknown soundEvent: minecraft:mob.bat.takeoff
[03:23:35] [?/WARN]: Unable to play unknown soundEvent: minecraft:mob.bat.takeoff
[03:23:36] [?/WARN]: Unable to play unknown soundEvent: minecraft:mob.bat.takeoff
[03:23:38] [?/WARN]: Unable to play unknown soundEvent: minecraft:mob.bat.takeoff
[03:23:38] [?/WARN]: Unable to play unknown soundEvent: minecraft:mob.bat.takeoff
[03:23:39] [?/WARN]: Unable to play unknown soundEvent: minecraft:mob.bat.takeoff
[03:23:41] [?/WARN]: Unable to play unknown soundEvent: minecraft:mob.bat.takeoff
[03:23:41] [?/WARN]: Unable to play unknown soundEvent: minecraft:mob.bat.takeoff
[03:23:42] [?/WARN]: Unable to play unknown soundEvent: minecraft:mob.bat.takeoff
[03:23:42] [?/WARN]: Unable to play unknown soundEvent: minecraft:mob.bat.takeoff
[03:23:43] [?/WARN]: Unable to play unknown soundEvent: minecraft:mob.bat.takeoff
[03:23:44] [?/WARN]: Unable to play unknown soundEvent: minecraft:mob.bat.takeoff
[03:23:44] [?/WARN]: Unable to play unknown soundEvent: minecraft:mob.bat.takeoff
[03:23:46] [?/WARN]: Unable to play unknown soundEvent: minecraft:mob.bat.takeoff
[03:23:47] [?/WARN]: Unable to play unknown soundEvent: minecraft:mob.bat.takeoff
[03:23:50] [?/WARN]: Unable to play unknown soundEvent: minecraft:mob.bat.takeoff
[03:23:52] [?/WARN]: Unable to play unknown soundEvent: minecraft:mob.bat.takeoff
[03:23:52] [?/WARN]: Unable to play unknown soundEvent: minecraft:mob.bat.takeoff
[03:23:52] [?/WARN]: Unable to play unknown soundEvent: minecraft:mob.bat.takeoff
[03:23:52] [?/WARN]: Unable to play unknown soundEvent: minecraft:mob.bat.takeoff
[03:23:53] [?/WARN]: Unable to play unknown soundEvent: minecraft:mob.bat.takeoff
[03:23:53] [?/WARN]: Unable to play unknown soundEvent: minecraft:mob.bat.takeoff
[03:23:55] [?/WARN]: Unable to play unknown soundEvent: minecraft:mob.bat.takeoff
[03:23:55] [?/WARN]: Unable to play unknown soundEvent: minecraft:mob.bat.takeoff
[03:23:55] [Server thread/INFO]: Saving and pausing game...
[03:23:55] [Server thread/INFO]: Saving chunks for level 'New World'/Overworld
[03:23:56] [Server thread/INFO]: Saving chunks for level 'New World'/Nether
[03:23:56] [Server thread/INFO]: Saving chunks for level 'New World'/The End
[03:24:00] [?/WARN]: Unable to play unknown soundEvent: minecraft:mob.bat.takeoff
[03:24:00] [?/WARN]: Unable to play unknown soundEvent: minecraft:mob.bat.takeoff
[03:24:03] [?/WARN]: Unable to play unknown soundEvent: minecraft:random.click
[03:24:04] [?/WARN]: Unable to play unknown soundEvent: minecraft:random.click
[03:24:04] [?/WARN]: Unable to play unknown soundEvent: minecraft:random.click
[03:24:05] [?/WARN]: Unable to play unknown soundEvent: minecraft:random.click
[03:24:06] [?/WARN]: Unable to play unknown soundEvent: minecraft:step.grass
[03:24:06] [?/WARN]: Unable to play unknown soundEvent: minecraft:step.grass
[03:24:07] [?/WARN]: Unable to play unknown soundEvent: minecraft:step.grass
[03:24:07] [?/WARN]: Unable to play unknown soundEvent: minecraft:step.grass
[03:24:07] [?/WARN]: Unable to play unknown soundEvent: minecraft:step.grass
[03:24:07] [?/WARN]: Unable to play unknown soundEvent: minecraft:step.grass
[03:24:08] [?/WARN]: Unable to play unknown soundEvent: minecraft:step.grass
[03:24:08] [?/WARN]: Unable to play unknown soundEvent: minecraft:mob.bat.takeoff
[03:24:08] [?/WARN]: Unable to play unknown soundEvent: minecraft:mob.bat.takeoff
[03:24:08] [?/WARN]: Unable to play unknown soundEvent: minecraft:mob.bat.takeoff
[03:24:08] [?/WARN]: Unable to play unknown soundEvent: minecraft:step.grass
[03:24:08] [?/WARN]: Unable to play unknown soundEvent: minecraft:step.grass
[03:24:09] [?/WARN]: Unable to play unknown soundEvent: minecraft:game.player.hurt.fall.small
[03:24:09] [?/WARN]: Unable to play unknown soundEvent: minecraft:game.player.hurt
[03:24:10] [?/WARN]: Unable to play unknown soundEvent: minecraft:step.grass
[03:24:10] [?/WARN]: Unable to play unknown soundEvent: minecraft:mob.bat.takeoff
[03:24:10] [?/WARN]: Unable to play unknown soundEvent: minecraft:mob.bat.takeoff
[03:24:10] [?/WARN]: Unable to play unknown soundEvent: minecraft:step.grass
[03:24:11] [?/WARN]: Unable to play unknown soundEvent: minecraft:step.grass
[03:24:11] [?/WARN]: Unable to play unknown soundEvent: minecraft:step.grass
[03:24:11] [?/WARN]: Unable to play unknown soundEvent: minecraft:dig.grass
[03:24:11] [?/WARN]: Unable to play unknown soundEvent: minecraft:step.grass
[03:24:11] [?/WARN]: Unable to play unknown soundEvent: minecraft:step.grass
[03:24:12] [?/WARN]: Unable to play unknown soundEvent: minecraft:step.grass
[03:24:12] [?/WARN]: Unable to play unknown soundEvent: minecraft:step.grass
[03:24:12] [?/WARN]: Unable to play unknown soundEvent: minecraft:step.grass
[03:24:12] [?/WARN]: Unable to play unknown soundEvent: minecraft:step.grass
[03:24:12] [?/WARN]: Unable to play unknown soundEvent: minecraft:step.grass
[03:24:12] [?/WARN]: Unable to play unknown soundEvent: minecraft:step.gravel
[03:24:12] [?/WARN]: Unable to play unknown soundEvent: minecraft:step.grass
[03:24:12] [?/WARN]: Unable to play unknown soundEvent: minecraft:step.grass
[03:24:13] [?/WARN]: Unable to play unknown soundEvent: minecraft:step.gravel
[03:24:13] [?/WARN]: Unable to play unknown soundEvent: minecraft:step.grass
[03:24:13] [?/WARN]: Unable to play unknown soundEvent: minecraft:step.gravel
[03:24:13] [?/WARN]: Unable to play unknown soundEvent: minecraft:dig.grass
[03:24:13] [?/WARN]: Unable to play unknown soundEvent: minecraft:step.gravel
[03:24:13] [?/WARN]: Unable to play unknown soundEvent: minecraft:step.grass
[03:24:14] [?/WARN]: Unable to play unknown soundEvent: minecraft:step.gravel
[03:24:14] [?/WARN]: Unable to play unknown soundEvent: minecraft:step.grass
[03:24:14] [?/WARN]: Unable to play unknown soundEvent: minecraft:step.grass
[03:24:27] [?/WARN]: Unable to play unknown soundEvent: minecraft:mob.bat.takeoff
[03:24:27] [?/WARN]: Unable to play unknown soundEvent: minecraft:mob.bat.takeoff
[03:24:27] [?/WARN]: Unable to play unknown soundEvent: minecraft:mob.bat.takeoff
[03:24:29] [?/WARN]: Unable to play unknown soundEvent: minecraft:mob.bat.takeoff
[03:24:38] [?/WARN]: Unable to play unknown soundEvent: minecraft:mob.bat.takeoff
[03:24:38] [?/WARN]: Unable to play unknown soundEvent: minecraft:mob.bat.takeoff
[03:24:38] [?/WARN]: Unable to play unknown soundEvent: minecraft:mob.bat.takeoff
[03:25:00] [?/WARN]: Unable to play unknown soundEvent: minecraft:step.grass
[03:25:00] [?/WARN]: Unable to play unknown soundEvent: minecraft:step.gravel
[03:25:00] [?/WARN]: Unable to play unknown soundEvent: minecraft:step.gravel
[03:25:01] [?/WARN]: Unable to play unknown soundEvent: minecraft:step.gravel
[03:25:01] [?/WARN]: Unable to play unknown soundEvent: minecraft:step.grass
[03:25:02] [?/WARN]: Unable to play unknown soundEvent: minecraft:step.gravel
[03:25:02] [?/WARN]: Unable to play unknown soundEvent: minecraft:step.gravel
[03:25:03] [?/WARN]: Unable to play unknown soundEvent: minecraft:step.gravel
[03:25:03] [?/WARN]: Unable to play unknown soundEvent: minecraft:liquid.lavapop
[03:25:03] [?/WARN]: Unable to play unknown soundEvent: minecraft:step.gravel
[03:25:03] [?/WARN]: Unable to play unknown soundEvent: minecraft:liquid.lavapop
[03:25:03] [?/WARN]: Unable to play unknown soundEvent: minecraft:liquid.lavapop
[03:25:04] [?/WARN]: Unable to play unknown soundEvent: minecraft:mob.bat.takeoff
[03:25:04] [?/WARN]: Unable to play unknown soundEvent: minecraft:mob.bat.takeoff
[03:25:04] [?/WARN]: Unable to play unknown soundEvent: minecraft:mob.bat.takeoff
[03:25:04] [?/WARN]: Unable to play unknown soundEvent: minecraft:mob.bat.takeoff
[03:25:04] [?/WARN]: Unable to play unknown soundEvent: minecraft:random.click
[03:25:05] [?/WARN]: Unable to play unknown soundEvent: minecraft:step.grass
[03:25:05] [?/WARN]: Unable to play unknown soundEvent: minecraft:step.grass
[03:25:05] [?/WARN]: Unable to play unknown soundEvent: minecraft:random.click
[03:25:05] [?/WARN]: Unable to play unknown soundEvent: minecraft:liquid.lava
[03:25:06] [?/WARN]: Unable to play unknown soundEvent: minecraft:liquid.lavapop
[03:25:06] [?/WARN]: Unable to play unknown soundEvent: minecraft:random.click
[03:25:06] [?/WARN]: Unable to play unknown soundEvent: minecraft:step.grass
[03:25:06] [?/WARN]: Unable to play unknown soundEvent: minecraft:liquid.lavapop
[03:25:07] [?/WARN]: Unable to play unknown soundEvent: minecraft:mob.bat.takeoff
[03:25:07] [?/WARN]: Unable to play unknown soundEvent: minecraft:mob.bat.takeoff
[03:25:07] [?/WARN]: Unable to play unknown soundEvent: minecraft:game.player.swim.splash
[03:25:07] [?/WARN]: Unable to play unknown soundEvent: minecraft:random.click
[03:25:07] [?/WARN]: Unable to play unknown soundEvent: minecraft:liquid.lavapop
[03:25:07] [?/WARN]: Unable to play unknown soundEvent: minecraft:liquid.lavapop
[03:25:08] [?/WARN]: Unable to play unknown soundEvent: minecraft:game.player.swim
[03:25:08] [?/WARN]: Unable to play unknown soundEvent: minecraft:random.click
[03:25:08] [?/WARN]: Unable to play unknown soundEvent: minecraft:step.grass
[03:25:08] [?/WARN]: Unable to play unknown soundEvent: minecraft:liquid.lavapop
[03:25:08] [?/WARN]: Unable to play unknown soundEvent: minecraft:step.sand
[03:25:09] [?/WARN]: Unable to play unknown soundEvent: minecraft:random.click
[03:25:09] [?/WARN]: Unable to play unknown soundEvent: minecraft:liquid.lavapop
[03:25:10] [?/WARN]: Unable to play unknown soundEvent: minecraft:step.gravel
[03:25:11] [?/WARN]: Unable to play unknown soundEvent: minecraft:liquid.lavapop
[03:25:11] [?/WARN]: Unable to play unknown soundEvent: minecraft:random.click
[03:25:11] [?/WARN]: Unable to play unknown soundEvent: minecraft:liquid.lava
[03:25:12] [?/WARN]: Unable to play unknown soundEvent: minecraft:mob.bat.takeoff
[03:25:12] [?/WARN]: Unable to play unknown soundEvent: minecraft:mob.bat.takeoff
[03:25:12] [?/WARN]: Unable to play unknown soundEvent: minecraft:liquid.lavapop
[03:25:12] [?/WARN]: Unable to play unknown soundEvent: minecraft:random.click
[03:25:12] [?/WARN]: Unable to play unknown soundEvent: minecraft:step.sand
[03:25:15] [?/WARN]: Unable to play unknown soundEvent: minecraft:liquid.lava
[03:25:16] [?/WARN]: Unable to play unknown soundEvent: minecraft:liquid.lavapop
[03:25:17] [?/WARN]: Unable to play unknown soundEvent: minecraft:liquid.lavapop
[03:25:18] [?/WARN]: Unable to play unknown soundEvent: minecraft:mob.bat.takeoff
[03:25:18] [?/WARN]: Unable to play unknown soundEvent: minecraft:mob.bat.takeoff
[03:25:19] [?/WARN]: Unable to play unknown soundEvent: minecraft:mob.bat.takeoff
[03:25:19] [?/WARN]: Unable to play unknown soundEvent: minecraft:mob.bat.takeoff
[03:25:19] [?/WARN]: Unable to play unknown soundEvent: minecraft:mob.bat.takeoff
[03:25:19] [?/WARN]: Unable to play unknown soundEvent: minecraft:mob.bat.takeoff
[03:25:20] [?/WARN]: Unable to play unknown soundEvent: minecraft:liquid.lavapop
[03:25:22] [?/WARN]: Unable to play unknown soundEvent: minecraft:liquid.lavapop
[03:25:22] [?/WARN]: Unable to play unknown soundEvent: minecraft:liquid.lavapop
[03:25:22] [?/WARN]: Unable to play unknown soundEvent: minecraft:mob.bat.takeoff
[03:25:22] [?/WARN]: Unable to play unknown soundEvent: minecraft:mob.bat.takeoff
[03:25:23] [?/WARN]: Unable to play unknown soundEvent: minecraft:liquid.lavapop
[03:25:23] [?/WARN]: Unable to play unknown soundEvent: minecraft:liquid.lavapop
[03:25:27] [?/WARN]: Unable to play unknown soundEvent: minecraft:liquid.lava
[03:25:29] [?/WARN]: Unable to play unknown soundEvent: minecraft:liquid.lavapop
[03:25:29] [?/WARN]: Unable to play unknown soundEvent: minecraft:liquid.lavapop
[03:25:29] [?/WARN]: Unable to play unknown soundEvent: minecraft:liquid.lava
[03:25:30] [?/WARN]: Unable to play unknown soundEvent: minecraft:liquid.lavapop
[03:25:32] [?/INFO]: [CHAT] §8[§cPower§8]§r §aTP §r: §2Stop Teleport!
[03:25:32] [?/WARN]: Unable to play unknown soundEvent: minecraft:mob.bat.takeoff
[03:25:32] [?/WARN]: Unable to play unknown soundEvent: minecraft:mob.bat.takeoff
[03:25:32] [?/WARN]: Unable to play unknown soundEvent: minecraft:mob.bat.takeoff
[03:25:32] [?/WARN]: Unable to play unknown soundEvent: minecraft:step.grass
[03:25:32] [?/WARN]: Unable to play unknown soundEvent: minecraft:liquid.lava
[03:25:34] [?/WARN]: Unable to play unknown soundEvent: minecraft:step.grass
[03:25:34] [?/WARN]: Unable to play unknown soundEvent: minecraft:step.grass
[03:25:35] [?/WARN]: Unable to play unknown soundEvent: minecraft:step.grass
[03:25:36] [?/WARN]: Unable to play unknown soundEvent: minecraft:game.player.swim.splash
[03:25:36] [?/WARN]: Unable to play unknown soundEvent: minecraft:mob.bat.takeoff
[03:25:36] [?/WARN]: Unable to play unknown soundEvent: minecraft:game.player.swim
[03:25:36] [?/WARN]: Unable to play unknown soundEvent: minecraft:mob.zombie.step
[03:25:36] [?/WARN]: Unable to play unknown soundEvent: minecraft:game.player.swim.splash
[03:25:37] [?/WARN]: Unable to play unknown soundEvent: minecraft:mob.zombie.step
[03:25:37] [?/WARN]: Unable to play unknown soundEvent: minecraft:game.player.swim
[03:25:38] [?/INFO]: [CHAT] You do not have permission to use this command
[03:25:38] [?/WARN]: Unable to play unknown soundEvent: minecraft:mob.zombie.say
[03:25:39] [?/WARN]: Unable to play unknown soundEvent: minecraft:dig.grass
[03:25:39] [?/WARN]: Unable to play unknown soundEvent: minecraft:dig.grass
[03:25:39] [?/WARN]: Unable to play unknown soundEvent: minecraft:game.player.swim.splash
[03:25:39] [?/WARN]: Unable to play unknown soundEvent: minecraft:game.player.swim
[03:25:39] [?/WARN]: Unable to play unknown soundEvent: minecraft:mob.bat.takeoff
[03:25:39] [?/WARN]: Unable to play unknown soundEvent: minecraft:step.grass
[03:25:39] [?/WARN]: Unable to play unknown soundEvent: minecraft:step.grass
[03:25:40] [?/WARN]: Unable to play unknown soundEvent: minecraft:step.grass
[03:25:41] [?/WARN]: Unable to play unknown soundEvent: minecraft:game.player.swim.splash
[03:25:41] [?/WARN]: Unable to play unknown soundEvent: minecraft:random.click
[03:25:42] [?/WARN]: Unable to play unknown soundEvent: minecraft:random.click
[03:25:43] [?/WARN]: Unable to play unknown soundEvent: minecraft:step.stone
[03:25:43] [?/WARN]: Unable to play unknown soundEvent: minecraft:random.click
[03:25:44] [?/WARN]: Unable to play unknown soundEvent: minecraft:random.click
[03:25:44] [?/WARN]: Unable to play unknown soundEvent: minecraft:random.click
[03:25:45] [?/WARN]: Unable to play unknown soundEvent: minecraft:step.gravel
[03:25:45] [?/WARN]: Unable to play unknown soundEvent: minecraft:random.click
[03:25:45] [?/WARN]: Unable to play unknown soundEvent: minecraft:step.grass
[03:25:46] [?/WARN]: Unable to play unknown soundEvent: minecraft:random.click
[03:25:46] [?/WARN]: Unable to play unknown soundEvent: minecraft:step.gravel
[03:25:46] [?/WARN]: Unable to play unknown soundEvent: minecraft:random.click
[03:25:46] [?/WARN]: Unable to play unknown soundEvent: minecraft:random.click
[03:25:47] [?/WARN]: Unable to play unknown soundEvent: minecraft:random.click
[03:25:48] [?/WARN]: Unable to play unknown soundEvent: minecraft:game.player.swim.splash
[03:25:48] [?/WARN]: Unable to play unknown soundEvent: minecraft:liquid.water
[03:25:48] [?/WARN]: Unable to play unknown soundEvent: minecraft:game.player.swim
[03:25:48] [?/WARN]: Unable to play unknown soundEvent: minecraft:random.click
[03:25:48] [?/WARN]: Unable to play unknown soundEvent: minecraft:game.player.swim.splash
[03:25:48] [?/WARN]: Unable to play unknown soundEvent: minecraft:game.player.swim
[03:25:49] [?/WARN]: Unable to play unknown soundEvent: minecraft:random.click
[03:25:49] [?/WARN]: Unable to play unknown soundEvent: minecraft:game.player.swim.splash
[03:25:49] [?/WARN]: Unable to play unknown soundEvent: minecraft:game.player.swim
[03:25:54] [?/WARN]: Unable to play unknown soundEvent: minecraft:liquid.water
[03:25:55] [?/WARN]: Unable to play unknown soundEvent: minecraft:liquid.water
[03:26:02] [?/WARN]: Unable to play unknown soundEvent: minecraft:liquid.water
[03:26:04] [?/WARN]: Unable to play unknown soundEvent: minecraft:liquid.water
[03:26:05] [?/WARN]: Unable to play unknown soundEvent: minecraft:liquid.water
[03:26:13] [?/WARN]: Unable to play unknown soundEvent: minecraft:mob.bat.takeoff
[03:26:13] [?/WARN]: Unable to play unknown soundEvent: minecraft:mob.bat.takeoff
[03:26:13] [?/WARN]: Unable to play unknown soundEvent: minecraft:mob.bat.takeoff
[03:26:13] [?/WARN]: Unable to play unknown soundEvent: minecraft:mob.bat.takeoff
[03:26:13] [?/WARN]: Unable to play unknown soundEvent: minecraft:mob.bat.takeoff
[03:26:14] [?/WARN]: Unable to play unknown soundEvent: minecraft:liquid.water
[03:26:14] [?/WARN]: Unable to play unknown soundEvent: minecraft:liquid.water
[03:26:18] [?/WARN]: Unable to play unknown soundEvent: minecraft:mob.bat.takeoff
